[2026-05-29T22:57:05] FIRST_RUN
report_generated_at=2026-05-23T22:21:12
summary=rows_checked:6,rows_needing_review:6,failed_source_fetches:6,possible_new_versions:none
- No previous baseline existed. Created the first comparison snapshot from the current report.

[2026-05-29T22:57:20] NO_SIGNIFICANT_CHANGE
report_generated_at=2026-05-23T22:21:12
summary=rows_checked:6,rows_needing_review:6,failed_source_fetches:6,possible_new_versions:none
- No significant change compared with the previous run.

[2026-05-29T22:58:11] CHANGED
report_generated_at=2026-05-23T22:21:12
summary=rows_checked:6,rows_needing_review:6,failed_source_fetches:6,possible_new_versions:none
- Manual review rows changed. Added: none. Removed: URLError: <urlopen error [Errno 8] nodename nor servname provided, or not known>; curl fallback failed: Command '['curl', '-L', '-sS', '--max-time', '20', '-A', 'Mozilla/5.0

[2026-05-29T22:58:27] NO_SIGNIFICANT_CHANGE
report_generated_at=2026-05-23T22:21:12
summary=rows_checked:6,rows_needing_review:6,failed_source_fetches:6,possible_new_versions:none
- No significant change compared with the previous run.

[2026-05-29T23:19:43] CHANGED
report_generated_at=2026-05-29T23:19:43
summary=rows_checked:6,rows_needing_review:6,failed_source_fetches:6,possible_new_versions:none
- ww-3.2-phase-2-character: reasons changed. Added: last_checked is 10 days old. Removed: none
- ww-3.3-phase-1-character: reasons changed. Added: last_checked is 10 days old. Removed: none
- ww-3.3-phase-1-weapon: reasons changed. Added: last_checked is 10 days old. Removed: none
- ww-3.3-phase-2-character: source_url changed: https://www.youtube.com/watch?v=viOkAhoa0k8 -> https://wutheringwaves.kurogames.com/en/main/news/detail/2966
- ww-3.3-phase-2-character: source_type changed: official_social -> official_site
- ww-3.3-phase-2-weapon: source_url changed: https://www.pcgamer.com/games/rpg/wuthering-waves-banner-next-current/ -> https://wutheringwaves.kurogames.com/en/main/news/detail/2966
- ww-3.3-phase-2-weapon: source_type changed: secondary_media -> official_site
- ww-3.3-phase-2-weapon: reasons changed. Added: none. Removed: source_type is secondary_media
- ww-3.4-phase-1-preview: source_url changed: https://www.youtube.com/@WutheringWaves -> https://www.dearplayers.com/en-PH/updates/wuthering-waves/2058850561991057878

[2026-05-29T23:20:57] CHANGED
report_generated_at=2026-05-29T23:20:25
summary=rows_checked:6,rows_needing_review:5,failed_source_fetches:0,possible_new_versions:none
- Summary changed: rows_needing_review: 6 -> 5
- Summary changed: failed_source_fetches: 6 -> 0
- ww-3.2-phase-2-character: reasons changed. Added: none. Removed: source fetch failed: fetch-failed
- ww-3.3-phase-1-character: reasons changed. Added: none. Removed: source fetch failed: fetch-failed
- ww-3.3-phase-1-weapon: reasons changed. Added: source page did not clearly match expected banner names. Removed: source fetch failed: fetch-failed
- ww-3.3-phase-2-character: reasons changed. Added: source page did not clearly match expected banner names. Removed: source fetch failed: fetch-failed
- ww-3.3-phase-2-weapon: reasons changed. Added: source page did not clearly match expected banner names. Removed: source fetch failed: fetch-failed
- ww-3.4-phase-1-preview: needs_review changed: True -> False
- ww-3.4-phase-1-preview: reasons changed. Added: none. Removed: source fetch failed: fetch-failed
- ww-3.2-phase-2-character: source probe fetch_ok changed: False -> True
- ww-3.2-phase-2-character: source probe status changed: fetch-failed -> curl-ok
- ww-3.2-phase-2-character: source probe term_hits changed: [] -> ['3.2']
- ww-3.2-phase-2-character: source probe version_hits changed: [] -> ['3.2']
- ww-3.3-phase-1-character: source probe fetch_ok changed: False -> True
- ww-3.3-phase-1-character: source probe status changed: fetch-failed -> curl-ok
- ww-3.3-phase-1-character: source probe term_hits changed: [] -> ['3.3', 'Hiyuki']
- ww-3.3-phase-1-character: source probe version_hits changed: [] -> ['3.3']
- ww-3.3-phase-1-weapon: source probe fetch_ok changed: False -> True
- ww-3.3-phase-1-weapon: source probe status changed: fetch-failed -> curl-ok
- ww-3.3-phase-2-character: source probe fetch_ok changed: False -> True
- ww-3.3-phase-2-character: source probe status changed: fetch-failed -> curl-ok
- ww-3.3-phase-2-weapon: source probe fetch_ok changed: False -> True
- ww-3.3-phase-2-weapon: source probe status changed: fetch-failed -> curl-ok
- ww-3.4-phase-1-preview: source probe fetch_ok changed: False -> True
- ww-3.4-phase-1-preview: source probe status changed: fetch-failed -> curl-ok
- ww-3.4-phase-1-preview: source probe term_hits changed: [] -> ['3.4', 'Version 3.4 Preview']
- ww-3.4-phase-1-preview: source probe version_hits changed: [] -> ['3.4']
- Feed dearplayers_updates: fetch_ok changed: False -> True
- Feed dearplayers_updates: status changed: fetch-failed -> curl-ok
- Feed official_site: fetch_ok changed: False -> True
- Feed official_site: status changed: fetch-failed -> curl-ok
- Automatic candidate updates changed. Added: ww-3.2-phase-2-character: last_checked 2026-05-19 -> 2026-05-29, ww-3.3-phase-1-character: last_checked 2026-05-19 -> 2026-05-29, ww-3.4-phase-1-preview: last_checked 2026-05-28 -> 2026-05-29. Removed: none
- Manual review rows changed. Added: none. Removed: ww-3.2-phase-2-character, ww-3.3-phase-1-character, ww-3.4-phase-1-preview

